<?xml version="1.0" encoding="UTF-8"?>
<!-- Generated by org.testng.reporters.JUnitReportReporter -->
<testsuite skipped="0" hostname="LAPTOP-0QANDAJA" name="org.zoomcar.testcases.TC001_GetCarName" tests="1" failures="0" timestamp="01 Sep 2019 07:03:15 GMT" time="63.924" errors="0">
  <testcase name="runTC001" time="63.924" classname="org.zoomcar.testcases.TC001_GetCarName"/>
</testsuite> <!-- org.zoomcar.testcases.TC001_GetCarName -->
